Using pre-set license
Built from '2020.3/staging' branch; Version is '2020.3.0f1 (c7b5465681fb) revision 13088070'; Using compiler version '192528614'; Build Type 'Release'
OS: 'Windows 10 Home; OS build 19042.928; Version 2009; 64bit' Language: 'es' Physical Memory: 15789 MB
BatchMode: 1, IsHumanControllingUs: 0, StartBugReporterOnCrash: 0, Is64bit: 1, IsPro: 0

 COMMAND LINE ARGUMENTS:
C:\Program Files\Unity\Hub\Editor\2020.3.0f1\Editor\Unity.exe
-adb2
-batchMode
-noUpm
-name
AssetImportWorker0
-projectPath
C:/Users/nicom/Documents/VAR-AUB/Unity/VAR_AUB
-logFile
Logs/AssetImportWorker0.log
-srvPort
50470
Successfully changed project path to: C:/Users/nicom/Documents/VAR-AUB/Unity/VAR_AUB
C:/Users/nicom/Documents/VAR-AUB/Unity/VAR_AUB
Using Asset Import Pipeline V2.
Refreshing native plugins compatible for Editor in 95.86 ms, found 0 plugins.
Preloading 0 native plugins for Editor in 0.00 ms.
Initialize engine version: 2020.3.0f1 (c7b5465681fb)
[Subsystems] Discovering subsystems at path C:/Program Files/Unity/Hub/Editor/2020.3.0f1/Editor/Data/Resources/UnitySubsystems
[Subsystems] Discovering subsystems at path C:/Users/nicom/Documents/VAR-AUB/Unity/VAR_AUB/Assets
GfxDevice: creating device client; threaded=0
Direct3D:
    Version:  Direct3D 11.0 [level 11.1]
    Renderer: NVIDIA GeForce RTX 2060 with Max-Q Design (ID=0x1f12)
    Vendor:   
    VRAM:     5980 MB
    Driver:   27.21.14.6611
Shader 'Custom/RainShader': fallback shader 'Particles/Alpha Blended' not found
Initialize mono
Mono path[0] = 'C:/Program Files/Unity/Hub/Editor/2020.3.0f1/Editor/Data/Managed'
Mono path[1] = 'C:/Program Files/Unity/Hub/Editor/2020.3.0f1/Editor/Data/MonoBleedingEdge/lib/mono/unityjit'
Mono config path = 'C:/Program Files/Unity/Hub/Editor/2020.3.0f1/Editor/Data/MonoBleedingEdge/etc'
Using monoOptions --debugger-agent=transport=dt_socket,embedding=1,server=y,suspend=n,address=127.0.0.1:56744
Begin MonoManager ReloadAssembly
Registering precompiled unity dll's ...
Register platform support module: C:/Program Files/Unity/Hub/Editor/2020.3.0f1/Editor/Data/PlaybackEngines/WindowsStandaloneSupport/UnityEditor.WindowsStandalone.Extensions.dll
Registered in 0.007463 seconds.
Native extension for WindowsStandalone target not found
Refreshing native plugins compatible for Editor in 98.40 ms, found 0 plugins.
Preloading 0 native plugins for Editor in 0.00 ms.
Invoked RoslynAnalysisRunner static constructor.
RoslynAnalysisRunner will not be running.
RoslynAnalysisRunner has terminated.
Mono: successfully reloaded assembly
- Completed reload, in  4.816 seconds
Platform modules already initialized, skipping
Registering precompiled user dll's ...
Registered in 0.009277 seconds.
Begin MonoManager ReloadAssembly
Native extension for WindowsStandalone target not found
Refreshing native plugins compatible for Editor in 0.58 ms, found 0 plugins.
Preloading 0 native plugins for Editor in 0.00 ms.
DisplayProgressbar: Restoring NuGet Packages
Invoked RoslynAnalysisRunner static constructor.
RoslynAnalysisRunner will not be running.
RoslynAnalysisRunner has terminated.
Mono: successfully reloaded assembly
- Completed reload, in  2.148 seconds
Platform modules already initialized, skipping
========================================================================
Worker process is ready to serve import requests
Shader 'Custom/RainShader': fallback shader 'Particles/Alpha Blended' not found
Launched and connected shader compiler UnityShaderCompiler.exe after 0.11 seconds
Refreshing native plugins compatible for Editor in 0.70 ms, found 0 plugins.
Preloading 0 native plugins for Editor in 0.00 ms.
Unloading 1272 Unused Serialized files (Serialized files now loaded: 0)
System memory in use before: 76.0 MB.
System memory in use after: 76.1 MB.

Unloading 18 unused Assets to reduce memory usage. Loaded Objects now: 1730.
Total: 3.620300 ms (FindLiveObjects: 0.340700 ms CreateObjectMapping: 0.080300 ms MarkObjects: 3.038700 ms  DeleteObjects: 0.157900 ms)

========================================================================
Received Import Request.
  path: Assets/NuGet/Resources/defaultIcon.png
  artifactKey: Guid(eec19781926cd2248b7c9abfde8db555) Importer(815301076,1909f56bfc062723c751e8b465ee728b)
Start importing Assets/NuGet/Resources/defaultIcon.png using Guid(eec19781926cd2248b7c9abfde8db555) Importer(815301076,1909f56bfc062723c751e8b465ee728b)  -> (artifact id: '3196bc44c7b9286cef65b7dcd0f35d9b') in 0.199353 seconds
  Import took 0.205622 seconds .

========================================================================
Received Import Request.
  Time since last request: 0.000455 seconds.
  path: Assets/RainMaker/Demo/NatureLandscape.png
  artifactKey: Guid(250ee5d919a222c499e5d9e2177fd609) Importer(815301076,1909f56bfc062723c751e8b465ee728b)
Start importing Assets/RainMaker/Demo/NatureLandscape.png using Guid(250ee5d919a222c499e5d9e2177fd609) Importer(815301076,1909f56bfc062723c751e8b465ee728b)  -> (artifact id: '43604d5e0a13b313ff4b09a4d37cc4e4') in 0.139407 seconds
  Import took 0.144480 seconds .

========================================================================
Received Import Request.
  Time since last request: 1008.312845 seconds.
  path: Assets/c.mat
  artifactKey: Guid(88e528e3891415c43bcdcbd7f3478570) Importer(815301076,1909f56bfc062723c751e8b465ee728b)
Start importing Assets/c.mat using Guid(88e528e3891415c43bcdcbd7f3478570) Importer(815301076,1909f56bfc062723c751e8b465ee728b)  -> (artifact id: 'd905338f105d1d9dce4dfa93b6453eb9') in 0.147854 seconds
  Import took 0.154811 seconds .

========================================================================
Received Import Request.
  Time since last request: 145.675603 seconds.
  path: Assets/Cube_Mat.mat
  artifactKey: Guid(88e528e3891415c43bcdcbd7f3478570) Importer(815301076,1909f56bfc062723c751e8b465ee728b)
Start importing Assets/Cube_Mat.mat using Guid(88e528e3891415c43bcdcbd7f3478570) Importer(815301076,1909f56bfc062723c751e8b465ee728b)  -> (artifact id: 'adc0a5e69ad3c3c894afd1f85a373b68') in 0.084321 seconds
  Import took 0.094086 seconds .

AssetImportWorkerClient::OnTransportError - code=2 error=End of file
