Using pre-set license
Built from '2020.3/staging' branch; Version is '2020.3.0f1 (c7b5465681fb) revision 13088070'; Using compiler version '192528614'; Build Type 'Release'
OS: 'Windows 10 Home; OS build 19042.867; Version 2009; 64bit' Language: 'es' Physical Memory: 15789 MB
BatchMode: 1, IsHumanControllingUs: 0, StartBugReporterOnCrash: 0, Is64bit: 1, IsPro: 0

 COMMAND LINE ARGUMENTS:
C:\Program Files\Unity\Hub\Editor\2020.3.0f1\Editor\Unity.exe
-adb2
-batchMode
-noUpm
-name
AssetImportWorker0
-projectPath
C:/Users/nicom/Documents/VAR-AUB/Unity/VAR_AUB
-logFile
Logs/AssetImportWorker0.log
-srvPort
51766
Successfully changed project path to: C:/Users/nicom/Documents/VAR-AUB/Unity/VAR_AUB
C:/Users/nicom/Documents/VAR-AUB/Unity/VAR_AUB
Using Asset Import Pipeline V2.
Refreshing native plugins compatible for Editor in 28.88 ms, found 0 plugins.
Preloading 0 native plugins for Editor in 0.00 ms.
Initialize engine version: 2020.3.0f1 (c7b5465681fb)
[Subsystems] Discovering subsystems at path C:/Program Files/Unity/Hub/Editor/2020.3.0f1/Editor/Data/Resources/UnitySubsystems
[Subsystems] Discovering subsystems at path C:/Users/nicom/Documents/VAR-AUB/Unity/VAR_AUB/Assets
GfxDevice: creating device client; threaded=0
Direct3D:
    Version:  Direct3D 11.0 [level 11.1]
    Renderer: NVIDIA GeForce RTX 2060 with Max-Q Design (ID=0x1f12)
    Vendor:   
    VRAM:     5980 MB
    Driver:   27.21.14.6589
Initialize mono
Mono path[0] = 'C:/Program Files/Unity/Hub/Editor/2020.3.0f1/Editor/Data/Managed'
Mono path[1] = 'C:/Program Files/Unity/Hub/Editor/2020.3.0f1/Editor/Data/MonoBleedingEdge/lib/mono/unityjit'
Mono config path = 'C:/Program Files/Unity/Hub/Editor/2020.3.0f1/Editor/Data/MonoBleedingEdge/etc'
Using monoOptions --debugger-agent=transport=dt_socket,embedding=1,server=y,suspend=n,address=127.0.0.1:56844
Begin MonoManager ReloadAssembly
Registering precompiled unity dll's ...
Register platform support module: C:/Program Files/Unity/Hub/Editor/2020.3.0f1/Editor/Data/PlaybackEngines/WindowsStandaloneSupport/UnityEditor.WindowsStandalone.Extensions.dll
Registered in 0.002073 seconds.
Native extension for WindowsStandalone target not found
Refreshing native plugins compatible for Editor in 28.53 ms, found 0 plugins.
Preloading 0 native plugins for Editor in 0.00 ms.
Invoked RoslynAnalysisRunner static constructor.
RoslynAnalysisRunner will not be running.
RoslynAnalysisRunner has terminated.
Mono: successfully reloaded assembly
- Completed reload, in  2.420 seconds
Platform modules already initialized, skipping
Registering precompiled user dll's ...
Registered in 0.003166 seconds.
Begin MonoManager ReloadAssembly
Native extension for WindowsStandalone target not found
Refreshing native plugins compatible for Editor in 0.31 ms, found 0 plugins.
Preloading 0 native plugins for Editor in 0.00 ms.
Disabling WSA platform on asset settings for C:\Users\nicom\Documents\VAR-AUB\Unity\VAR_AUB\Assets\NuGet.config

DisplayProgressbar: Restoring NuGet Packages
Invoked RoslynAnalysisRunner static constructor.
RoslynAnalysisRunner will not be running.
RoslynAnalysisRunner has terminated.
Mono: successfully reloaded assembly
- Completed reload, in  0.937 seconds
Platform modules already initialized, skipping
========================================================================
Worker process is ready to serve import requests
Launched and connected shader compiler UnityShaderCompiler.exe after 0.04 seconds
Refreshing native plugins compatible for Editor in 0.29 ms, found 0 plugins.
Preloading 0 native plugins for Editor in 0.00 ms.
Unloading 1216 Unused Serialized files (Serialized files now loaded: 0)
System memory in use before: 60.9 MB.
System memory in use after: 61.0 MB.

Unloading 17 unused Assets to reduce memory usage. Loaded Objects now: 1661.
Total: 2.954800 ms (FindLiveObjects: 1.319000 ms CreateObjectMapping: 0.083800 ms MarkObjects: 1.470000 ms  DeleteObjects: 0.078700 ms)

========================================================================
Received Import Request.
  path: Assets/scri.cs
  artifactKey: Guid(a70ecfadd6f5bae45aca9c97b4695173) Importer(815301076,1909f56bfc062723c751e8b465ee728b)
Start importing Assets/scri.cs using Guid(a70ecfadd6f5bae45aca9c97b4695173) Importer(815301076,1909f56bfc062723c751e8b465ee728b)  -> (artifact id: '43501fa3c249c19b163a5d428d139727') in 0.016932 seconds
  Import took 0.018924 seconds .

========================================================================
Received Prepare
Registering precompiled user dll's ...
Registered in 0.003814 seconds.
Begin MonoManager ReloadAssembly
Native extension for WindowsStandalone target not found
Refreshing native plugins compatible for Editor in 0.31 ms, found 0 plugins.
Preloading 0 native plugins for Editor in 0.00 ms.
Invoked RoslynAnalysisRunner static constructor.
RoslynAnalysisRunner will not be running.
RoslynAnalysisRunner has terminated.
Mono: successfully reloaded assembly
- Completed reload, in  0.927 seconds
Platform modules already initialized, skipping
Switching build target platform(5) subTarget(0) extendedPlatform(0) -> platform(13) subTarget(65536) extendedPlatform(0)
Refreshing native plugins compatible for Editor in 0.29 ms, found 0 plugins.
Preloading 0 native plugins for Editor in 0.00 ms.
Unloading 1209 Unused Serialized files (Serialized files now loaded: 0)
System memory in use before: 60.8 MB.
System memory in use after: 60.9 MB.

Unloading 12 unused Assets to reduce memory usage. Loaded Objects now: 1665.
Total: 2.341200 ms (FindLiveObjects: 0.268600 ms CreateObjectMapping: 0.077500 ms MarkObjects: 1.938600 ms  DeleteObjects: 0.053900 ms)

AssetImportParameters requested are different than current active one (requested -> active):
  custom:graphics/normal-map-encoding: 01000000000000000000000000000000 -> 02000000000000000000000000000000
========================================================================
Received Import Request.
  Time since last request: 58.123435 seconds.
  path: Assets/ThingSpeak_SoilMoisture.cs
  artifactKey: Guid(a70ecfadd6f5bae45aca9c97b4695173) Importer(815301076,1909f56bfc062723c751e8b465ee728b)
Start importing Assets/ThingSpeak_SoilMoisture.cs using Guid(a70ecfadd6f5bae45aca9c97b4695173) Importer(815301076,1909f56bfc062723c751e8b465ee728b)  -> (artifact id: '1efc93ef3a5e5a9beffc48a0af214a78') in 0.009099 seconds
  Import took 0.011479 seconds .

========================================================================
Received Prepare
Registering precompiled user dll's ...
Registered in 0.002463 seconds.
Begin MonoManager ReloadAssembly
Native extension for WindowsStandalone target not found
Refreshing native plugins compatible for Editor in 0.33 ms, found 0 plugins.
Preloading 0 native plugins for Editor in 0.00 ms.
Invoked RoslynAnalysisRunner static constructor.
RoslynAnalysisRunner will not be running.
RoslynAnalysisRunner has terminated.
Mono: successfully reloaded assembly
- Completed reload, in  0.939 seconds
Platform modules already initialized, skipping
Switching build target platform(5) subTarget(0) extendedPlatform(0) -> platform(13) subTarget(65536) extendedPlatform(0)
Refreshing native plugins compatible for Editor in 0.28 ms, found 0 plugins.
Preloading 0 native plugins for Editor in 0.00 ms.
Unloading 1209 Unused Serialized files (Serialized files now loaded: 0)
System memory in use before: 60.7 MB.
System memory in use after: 60.8 MB.

Unloading 12 unused Assets to reduce memory usage. Loaded Objects now: 1669.
Total: 2.599300 ms (FindLiveObjects: 0.213100 ms CreateObjectMapping: 0.038600 ms MarkObjects: 2.290200 ms  DeleteObjects: 0.055700 ms)

AssetImportParameters requested are different than current active one (requested -> active):
  custom:graphics/normal-map-encoding: 01000000000000000000000000000000 -> 02000000000000000000000000000000
========================================================================
Received Prepare
Registering precompiled user dll's ...
Registered in 0.002645 seconds.
Begin MonoManager ReloadAssembly
Native extension for WindowsStandalone target not found
Refreshing native plugins compatible for Editor in 0.30 ms, found 0 plugins.
Preloading 0 native plugins for Editor in 0.00 ms.
Invoked RoslynAnalysisRunner static constructor.
RoslynAnalysisRunner will not be running.
RoslynAnalysisRunner has terminated.
Mono: successfully reloaded assembly
- Completed reload, in  0.825 seconds
Platform modules already initialized, skipping
Switching build target platform(5) subTarget(0) extendedPlatform(0) -> platform(13) subTarget(65536) extendedPlatform(0)
Refreshing native plugins compatible for Editor in 0.30 ms, found 0 plugins.
Preloading 0 native plugins for Editor in 0.00 ms.
Unloading 1210 Unused Serialized files (Serialized files now loaded: 0)
System memory in use before: 60.9 MB.
System memory in use after: 61.0 MB.

Unloading 12 unused Assets to reduce memory usage. Loaded Objects now: 1674.
Total: 1.698800 ms (FindLiveObjects: 0.172100 ms CreateObjectMapping: 0.028200 ms MarkObjects: 1.440300 ms  DeleteObjects: 0.057100 ms)

AssetImportParameters requested are different than current active one (requested -> active):
  custom:graphics/normal-map-encoding: 01000000000000000000000000000000 -> 02000000000000000000000000000000
========================================================================
Received Import Request.
  Time since last request: 46.250869 seconds.
  path: Assets/thing.cs
  artifactKey: Guid(df55a8c7e065011459e7c9ae811f44da) Importer(815301076,1909f56bfc062723c751e8b465ee728b)
Start importing Assets/thing.cs using Guid(df55a8c7e065011459e7c9ae811f44da) Importer(815301076,1909f56bfc062723c751e8b465ee728b)  -> (artifact id: '6e1223b0bfc4e28a7469dc2d85d0139c') in 0.009757 seconds
  Import took 0.012590 seconds .

========================================================================
Received Prepare
Registering precompiled user dll's ...
Registered in 0.002536 seconds.
Begin MonoManager ReloadAssembly
Native extension for WindowsStandalone target not found
Refreshing native plugins compatible for Editor in 0.45 ms, found 0 plugins.
Preloading 0 native plugins for Editor in 0.00 ms.
Invoked RoslynAnalysisRunner static constructor.
RoslynAnalysisRunner will not be running.
RoslynAnalysisRunner has terminated.
Mono: successfully reloaded assembly
- Completed reload, in  0.937 seconds
Platform modules already initialized, skipping
Switching build target platform(5) subTarget(0) extendedPlatform(0) -> platform(13) subTarget(65536) extendedPlatform(0)
Refreshing native plugins compatible for Editor in 0.28 ms, found 0 plugins.
Preloading 0 native plugins for Editor in 0.00 ms.
Unloading 1210 Unused Serialized files (Serialized files now loaded: 0)
System memory in use before: 60.8 MB.
System memory in use after: 60.9 MB.

Unloading 12 unused Assets to reduce memory usage. Loaded Objects now: 1678.
Total: 1.910900 ms (FindLiveObjects: 0.218400 ms CreateObjectMapping: 0.041300 ms MarkObjects: 1.594800 ms  DeleteObjects: 0.055100 ms)

AssetImportParameters requested are different than current active one (requested -> active):
  custom:graphics/normal-map-encoding: 01000000000000000000000000000000 -> 02000000000000000000000000000000
========================================================================
Received Import Request.
  Time since last request: 79.925473 seconds.
  path: Assets/thing.cs
  artifactKey: Guid(df55a8c7e065011459e7c9ae811f44da) Importer(815301076,1909f56bfc062723c751e8b465ee728b)
Start importing Assets/thing.cs using Guid(df55a8c7e065011459e7c9ae811f44da) Importer(815301076,1909f56bfc062723c751e8b465ee728b)  -> (artifact id: 'a1865eb8ccef4aafa4222f4d1533310e') in 0.004224 seconds
  Import took 0.006067 seconds .

========================================================================
Received Prepare
Registering precompiled user dll's ...
Registered in 0.003164 seconds.
Begin MonoManager ReloadAssembly
Native extension for WindowsStandalone target not found
Refreshing native plugins compatible for Editor in 0.45 ms, found 0 plugins.
Preloading 0 native plugins for Editor in 0.00 ms.
Invoked RoslynAnalysisRunner static constructor.
RoslynAnalysisRunner will not be running.
RoslynAnalysisRunner has terminated.
Mono: successfully reloaded assembly
- Completed reload, in  0.924 seconds
Platform modules already initialized, skipping
Switching build target platform(5) subTarget(0) extendedPlatform(0) -> platform(13) subTarget(65536) extendedPlatform(0)
Refreshing native plugins compatible for Editor in 0.29 ms, found 0 plugins.
Preloading 0 native plugins for Editor in 0.00 ms.
Unloading 1209 Unused Serialized files (Serialized files now loaded: 0)
System memory in use before: 60.9 MB.
System memory in use after: 61.0 MB.

Unloading 13 unused Assets to reduce memory usage. Loaded Objects now: 1681.
Total: 2.459900 ms (FindLiveObjects: 0.303200 ms CreateObjectMapping: 0.072600 ms MarkObjects: 2.023700 ms  DeleteObjects: 0.057900 ms)

AssetImportParameters requested are different than current active one (requested -> active):
  custom:graphics/normal-map-encoding: 01000000000000000000000000000000 -> 02000000000000000000000000000000
========================================================================
Received Prepare
Registering precompiled user dll's ...
Registered in 0.003686 seconds.
Begin MonoManager ReloadAssembly
Native extension for WindowsStandalone target not found
Refreshing native plugins compatible for Editor in 0.30 ms, found 0 plugins.
Preloading 0 native plugins for Editor in 0.00 ms.
Invoked RoslynAnalysisRunner static constructor.
RoslynAnalysisRunner will not be running.
RoslynAnalysisRunner has terminated.
Mono: successfully reloaded assembly
- Completed reload, in  0.895 seconds
Platform modules already initialized, skipping
Switching build target platform(5) subTarget(0) extendedPlatform(0) -> platform(13) subTarget(65536) extendedPlatform(0)
Refreshing native plugins compatible for Editor in 0.30 ms, found 0 plugins.
Preloading 0 native plugins for Editor in 0.00 ms.
Unloading 1209 Unused Serialized files (Serialized files now loaded: 0)
System memory in use before: 60.5 MB.
System memory in use after: 60.6 MB.

Unloading 12 unused Assets to reduce memory usage. Loaded Objects now: 1685.
Total: 1.808300 ms (FindLiveObjects: 0.176400 ms CreateObjectMapping: 0.028600 ms MarkObjects: 1.547200 ms  DeleteObjects: 0.055100 ms)

AssetImportParameters requested are different than current active one (requested -> active):
  custom:graphics/normal-map-encoding: 01000000000000000000000000000000 -> 02000000000000000000000000000000
========================================================================
Received Prepare
Refreshing native plugins compatible for Editor in 1.84 ms, found 0 plugins.
Preloading 0 native plugins for Editor in 0.00 ms.
Unloading 9 Unused Serialized files (Serialized files now loaded: 0)
System memory in use before: 36.9 MB.
System memory in use after: 36.9 MB.

Unloading 9 unused Assets to reduce memory usage. Loaded Objects now: 1685.
Total: 2.535700 ms (FindLiveObjects: 0.267000 ms CreateObjectMapping: 0.083500 ms MarkObjects: 2.115300 ms  DeleteObjects: 0.067100 ms)

========================================================================
Received Prepare
Registering precompiled user dll's ...
Registered in 0.002471 seconds.
Begin MonoManager ReloadAssembly
Native extension for WindowsStandalone target not found
Refreshing native plugins compatible for Editor in 0.31 ms, found 0 plugins.
Preloading 0 native plugins for Editor in 0.00 ms.
Invoked RoslynAnalysisRunner static constructor.
RoslynAnalysisRunner will not be running.
RoslynAnalysisRunner has terminated.
Mono: successfully reloaded assembly
- Completed reload, in  0.998 seconds
Platform modules already initialized, skipping
Switching build target platform(5) subTarget(0) extendedPlatform(0) -> platform(13) subTarget(65536) extendedPlatform(0)
Refreshing native plugins compatible for Editor in 0.42 ms, found 0 plugins.
Preloading 0 native plugins for Editor in 0.00 ms.
Unloading 1209 Unused Serialized files (Serialized files now loaded: 0)
System memory in use before: 60.9 MB.
System memory in use after: 61.0 MB.

Unloading 12 unused Assets to reduce memory usage. Loaded Objects now: 1689.
Total: 2.376300 ms (FindLiveObjects: 0.290800 ms CreateObjectMapping: 0.074200 ms MarkObjects: 1.952300 ms  DeleteObjects: 0.056700 ms)

AssetImportParameters requested are different than current active one (requested -> active):
  custom:graphics/normal-map-encoding: 01000000000000000000000000000000 -> 02000000000000000000000000000000
========================================================================
Received Import Request.
  Time since last request: 459.562263 seconds.
  path: ProjectSettings/TagManager.asset
  artifactKey: Guid(00000000000000003000000000000000) Importer(815301076,1909f56bfc062723c751e8b465ee728b)
Start importing ProjectSettings/TagManager.asset using Guid(00000000000000003000000000000000) Importer(815301076,1909f56bfc062723c751e8b465ee728b)  -> (artifact id: 'e58c32c74971579209c983feef23e212') in 0.018044 seconds
  Import took 0.019862 seconds .

========================================================================
Received Import Request.
  Time since last request: 0.009092 seconds.
  path: ProjectSettings/TagManager.asset
  artifactKey: Guid(00000000000000003000000000000000) Importer(815301076,1909f56bfc062723c751e8b465ee728b)
Start importing ProjectSettings/TagManager.asset using Guid(00000000000000003000000000000000) Importer(815301076,1909f56bfc062723c751e8b465ee728b)  -> (artifact id: 'e58c32c74971579209c983feef23e212') in 0.003566 seconds
  Import took 0.006005 seconds .

========================================================================
Received Prepare
Registering precompiled user dll's ...
Registered in 0.004168 seconds.
Begin MonoManager ReloadAssembly
Native extension for WindowsStandalone target not found
Refreshing native plugins compatible for Editor in 0.30 ms, found 0 plugins.
Preloading 0 native plugins for Editor in 0.00 ms.
Invoked RoslynAnalysisRunner static constructor.
RoslynAnalysisRunner will not be running.
RoslynAnalysisRunner has terminated.
Mono: successfully reloaded assembly
- Completed reload, in  0.879 seconds
Platform modules already initialized, skipping
Switching build target platform(5) subTarget(0) extendedPlatform(0) -> platform(13) subTarget(65536) extendedPlatform(0)
Refreshing native plugins compatible for Editor in 0.32 ms, found 0 plugins.
Preloading 0 native plugins for Editor in 0.00 ms.
Unloading 1209 Unused Serialized files (Serialized files now loaded: 0)
System memory in use before: 60.8 MB.
System memory in use after: 60.9 MB.

Unloading 14 unused Assets to reduce memory usage. Loaded Objects now: 1693.
Total: 2.632600 ms (FindLiveObjects: 0.246200 ms CreateObjectMapping: 0.056000 ms MarkObjects: 2.263200 ms  DeleteObjects: 0.065300 ms)

AssetImportParameters requested are different than current active one (requested -> active):
  custom:graphics/normal-map-encoding: 01000000000000000000000000000000 -> 02000000000000000000000000000000
========================================================================
Received Prepare
Registering precompiled user dll's ...
Registered in 0.002496 seconds.
Begin MonoManager ReloadAssembly
Native extension for WindowsStandalone target not found
Refreshing native plugins compatible for Editor in 0.29 ms, found 0 plugins.
Preloading 0 native plugins for Editor in 0.00 ms.
Invoked RoslynAnalysisRunner static constructor.
RoslynAnalysisRunner will not be running.
RoslynAnalysisRunner has terminated.
Mono: successfully reloaded assembly
- Completed reload, in  0.966 seconds
Platform modules already initialized, skipping
Switching build target platform(5) subTarget(0) extendedPlatform(0) -> platform(13) subTarget(65536) extendedPlatform(0)
Refreshing native plugins compatible for Editor in 0.30 ms, found 0 plugins.
Preloading 0 native plugins for Editor in 0.00 ms.
Unloading 1209 Unused Serialized files (Serialized files now loaded: 0)
System memory in use before: 60.9 MB.
System memory in use after: 61.0 MB.

Unloading 12 unused Assets to reduce memory usage. Loaded Objects now: 1697.
Total: 2.803300 ms (FindLiveObjects: 0.396200 ms CreateObjectMapping: 0.104700 ms MarkObjects: 2.242400 ms  DeleteObjects: 0.057400 ms)

AssetImportParameters requested are different than current active one (requested -> active):
  custom:graphics/normal-map-encoding: 01000000000000000000000000000000 -> 02000000000000000000000000000000
========================================================================
Received Prepare
Refreshing native plugins compatible for Editor in 1.73 ms, found 0 plugins.
Preloading 0 native plugins for Editor in 0.00 ms.
Unloading 9 Unused Serialized files (Serialized files now loaded: 0)
System memory in use before: 37.3 MB.
System memory in use after: 37.4 MB.

Unloading 9 unused Assets to reduce memory usage. Loaded Objects now: 1697.
Total: 2.043600 ms (FindLiveObjects: 0.170600 ms CreateObjectMapping: 0.029200 ms MarkObjects: 1.786900 ms  DeleteObjects: 0.054600 ms)

========================================================================
Received Prepare
Refreshing native plugins compatible for Editor in 1.80 ms, found 0 plugins.
Preloading 0 native plugins for Editor in 0.00 ms.
Unloading 9 Unused Serialized files (Serialized files now loaded: 0)
System memory in use before: 37.3 MB.
System memory in use after: 37.4 MB.

Unloading 9 unused Assets to reduce memory usage. Loaded Objects now: 1697.
Total: 1.826100 ms (FindLiveObjects: 0.210400 ms CreateObjectMapping: 0.036800 ms MarkObjects: 1.526600 ms  DeleteObjects: 0.051000 ms)

========================================================================
Received Import Request.
  Time since last request: 232.282436 seconds.
  path: Assets/thing.cs
  artifactKey: Guid(df55a8c7e065011459e7c9ae811f44da) Importer(815301076,1909f56bfc062723c751e8b465ee728b)
Start importing Assets/thing.cs using Guid(df55a8c7e065011459e7c9ae811f44da) Importer(815301076,1909f56bfc062723c751e8b465ee728b)  -> (artifact id: 'f9c3bbf92dc2cc165111efd54527bc50') in 0.006578 seconds
  Import took 0.008896 seconds .

========================================================================
Received Prepare
Registering precompiled user dll's ...
Registered in 0.002706 seconds.
Begin MonoManager ReloadAssembly
Native extension for WindowsStandalone target not found
Refreshing native plugins compatible for Editor in 0.32 ms, found 0 plugins.
Preloading 0 native plugins for Editor in 0.00 ms.
Invoked RoslynAnalysisRunner static constructor.
RoslynAnalysisRunner will not be running.
RoslynAnalysisRunner has terminated.
Mono: successfully reloaded assembly
- Completed reload, in  0.965 seconds
Platform modules already initialized, skipping
Switching build target platform(5) subTarget(0) extendedPlatform(0) -> platform(13) subTarget(65536) extendedPlatform(0)
Refreshing native plugins compatible for Editor in 0.29 ms, found 0 plugins.
Preloading 0 native plugins for Editor in 0.00 ms.
Unloading 1209 Unused Serialized files (Serialized files now loaded: 0)
System memory in use before: 60.8 MB.
System memory in use after: 60.9 MB.

Unloading 12 unused Assets to reduce memory usage. Loaded Objects now: 1701.
Total: 2.089900 ms (FindLiveObjects: 0.156300 ms CreateObjectMapping: 0.026500 ms MarkObjects: 1.849300 ms  DeleteObjects: 0.056600 ms)

AssetImportParameters requested are different than current active one (requested -> active):
  custom:graphics/normal-map-encoding: 01000000000000000000000000000000 -> 02000000000000000000000000000000
========================================================================
Received Prepare
Refreshing native plugins compatible for Editor in 1.86 ms, found 0 plugins.
Preloading 0 native plugins for Editor in 0.00 ms.
Unloading 9 Unused Serialized files (Serialized files now loaded: 0)
System memory in use before: 37.2 MB.
System memory in use after: 37.3 MB.

Unloading 9 unused Assets to reduce memory usage. Loaded Objects now: 1701.
Total: 2.554600 ms (FindLiveObjects: 0.467200 ms CreateObjectMapping: 0.075300 ms MarkObjects: 1.960300 ms  DeleteObjects: 0.050200 ms)

========================================================================
Received Import Request.
  Time since last request: 251.204782 seconds.
  path: Assets/thing.cs
  artifactKey: Guid(df55a8c7e065011459e7c9ae811f44da) Importer(815301076,1909f56bfc062723c751e8b465ee728b)
Start importing Assets/thing.cs using Guid(df55a8c7e065011459e7c9ae811f44da) Importer(815301076,1909f56bfc062723c751e8b465ee728b)  -> (artifact id: 'be3168d4b17ac9a847d19d8401167ba6') in 0.003536 seconds
  Import took 0.005665 seconds .

========================================================================
Received Import Request.
  Time since last request: 0.000430 seconds.
  path: Assets/thing.cs
  artifactKey: Guid(df55a8c7e065011459e7c9ae811f44da) Importer(815301076,1909f56bfc062723c751e8b465ee728b)
Start importing Assets/thing.cs using Guid(df55a8c7e065011459e7c9ae811f44da) Importer(815301076,1909f56bfc062723c751e8b465ee728b)  -> (artifact id: 'be3168d4b17ac9a847d19d8401167ba6') in 0.002666 seconds
  Import took 0.004521 seconds .

========================================================================
Received Prepare
Registering precompiled user dll's ...
Registered in 0.003244 seconds.
Begin MonoManager ReloadAssembly
Native extension for WindowsStandalone target not found
Refreshing native plugins compatible for Editor in 0.31 ms, found 0 plugins.
Preloading 0 native plugins for Editor in 0.00 ms.
Invoked RoslynAnalysisRunner static constructor.
RoslynAnalysisRunner will not be running.
RoslynAnalysisRunner has terminated.
Mono: successfully reloaded assembly
- Completed reload, in  0.924 seconds
Platform modules already initialized, skipping
Switching build target platform(5) subTarget(0) extendedPlatform(0) -> platform(13) subTarget(65536) extendedPlatform(0)
Refreshing native plugins compatible for Editor in 0.29 ms, found 0 plugins.
Preloading 0 native plugins for Editor in 0.00 ms.
Unloading 1209 Unused Serialized files (Serialized files now loaded: 0)
System memory in use before: 61.1 MB.
System memory in use after: 61.1 MB.

Unloading 12 unused Assets to reduce memory usage. Loaded Objects now: 1705.
Total: 2.335900 ms (FindLiveObjects: 0.243600 ms CreateObjectMapping: 0.030800 ms MarkObjects: 2.004900 ms  DeleteObjects: 0.055400 ms)

AssetImportParameters requested are different than current active one (requested -> active):
  custom:graphics/normal-map-encoding: 01000000000000000000000000000000 -> 02000000000000000000000000000000
========================================================================
Received Import Request.
  Time since last request: 26.740200 seconds.
  path: Assets/thing.cs
  artifactKey: Guid(df55a8c7e065011459e7c9ae811f44da) Importer(815301076,1909f56bfc062723c751e8b465ee728b)
Start importing Assets/thing.cs using Guid(df55a8c7e065011459e7c9ae811f44da) Importer(815301076,1909f56bfc062723c751e8b465ee728b)  -> (artifact id: 'a3f1ad9c402d48cd56f8cdba375f6352') in 0.006243 seconds
  Import took 0.008399 seconds .

========================================================================
Received Prepare
Refreshing native plugins compatible for Editor in 1.79 ms, found 0 plugins.
Preloading 0 native plugins for Editor in 0.00 ms.
Unloading 9 Unused Serialized files (Serialized files now loaded: 0)
System memory in use before: 37.4 MB.
System memory in use after: 37.5 MB.

Unloading 9 unused Assets to reduce memory usage. Loaded Objects now: 1705.
Total: 2.149300 ms (FindLiveObjects: 0.203200 ms CreateObjectMapping: 0.051400 ms MarkObjects: 1.837400 ms  DeleteObjects: 0.056000 ms)

========================================================================
Received Import Request.
  Time since last request: 399.073852 seconds.
  path: Assets/thing.cs
  artifactKey: Guid(df55a8c7e065011459e7c9ae811f44da) Importer(815301076,1909f56bfc062723c751e8b465ee728b)
Start importing Assets/thing.cs using Guid(df55a8c7e065011459e7c9ae811f44da) Importer(815301076,1909f56bfc062723c751e8b465ee728b)  -> (artifact id: 'd6d6b58b623a363361786f8a48f63019') in 0.002214 seconds
  Import took 0.004109 seconds .

========================================================================
Received Prepare
Registering precompiled user dll's ...
Registered in 0.002815 seconds.
Begin MonoManager ReloadAssembly
Native extension for WindowsStandalone target not found
Refreshing native plugins compatible for Editor in 0.47 ms, found 0 plugins.
Preloading 0 native plugins for Editor in 0.00 ms.
Invoked RoslynAnalysisRunner static constructor.
RoslynAnalysisRunner will not be running.
RoslynAnalysisRunner has terminated.
Mono: successfully reloaded assembly
- Completed reload, in  0.937 seconds
Platform modules already initialized, skipping
Switching build target platform(5) subTarget(0) extendedPlatform(0) -> platform(13) subTarget(65536) extendedPlatform(0)
Refreshing native plugins compatible for Editor in 0.30 ms, found 0 plugins.
Preloading 0 native plugins for Editor in 0.00 ms.
Unloading 1209 Unused Serialized files (Serialized files now loaded: 0)
System memory in use before: 60.9 MB.
System memory in use after: 61.0 MB.

Unloading 12 unused Assets to reduce memory usage. Loaded Objects now: 1709.
Total: 2.205100 ms (FindLiveObjects: 0.363800 ms CreateObjectMapping: 0.086300 ms MarkObjects: 1.695100 ms  DeleteObjects: 0.058100 ms)

AssetImportParameters requested are different than current active one (requested -> active):
  custom:graphics/normal-map-encoding: 01000000000000000000000000000000 -> 02000000000000000000000000000000
========================================================================
Received Prepare
Refreshing native plugins compatible for Editor in 1.83 ms, found 0 plugins.
Preloading 0 native plugins for Editor in 0.00 ms.
Unloading 9 Unused Serialized files (Serialized files now loaded: 0)
System memory in use before: 37.3 MB.
System memory in use after: 37.4 MB.

Unloading 9 unused Assets to reduce memory usage. Loaded Objects now: 1709.
Total: 4.662600 ms (FindLiveObjects: 0.612900 ms CreateObjectMapping: 0.098100 ms MarkObjects: 3.890100 ms  DeleteObjects: 0.059400 ms)

========================================================================
Received Prepare
Registering precompiled user dll's ...
Registered in 0.004134 seconds.
Begin MonoManager ReloadAssembly
Native extension for WindowsStandalone target not found
Refreshing native plugins compatible for Editor in 0.32 ms, found 0 plugins.
Preloading 0 native plugins for Editor in 0.00 ms.
Invoked RoslynAnalysisRunner static constructor.
RoslynAnalysisRunner will not be running.
RoslynAnalysisRunner has terminated.
Mono: successfully reloaded assembly
- Completed reload, in  0.941 seconds
Platform modules already initialized, skipping
Switching build target platform(5) subTarget(0) extendedPlatform(0) -> platform(13) subTarget(65536) extendedPlatform(0)
Refreshing native plugins compatible for Editor in 0.29 ms, found 0 plugins.
Preloading 0 native plugins for Editor in 0.00 ms.
Unloading 1209 Unused Serialized files (Serialized files now loaded: 0)
System memory in use before: 61.1 MB.
System memory in use after: 61.2 MB.

Unloading 12 unused Assets to reduce memory usage. Loaded Objects now: 1713.
Total: 2.844600 ms (FindLiveObjects: 0.418500 ms CreateObjectMapping: 0.088200 ms MarkObjects: 2.275100 ms  DeleteObjects: 0.060300 ms)

AssetImportParameters requested are different than current active one (requested -> active):
  custom:graphics/normal-map-encoding: 01000000000000000000000000000000 -> 02000000000000000000000000000000
========================================================================
Received Import Request.
  Time since last request: 52.250145 seconds.
  path: Assets/thing.cs
  artifactKey: Guid(df55a8c7e065011459e7c9ae811f44da) Importer(815301076,1909f56bfc062723c751e8b465ee728b)
Start importing Assets/thing.cs using Guid(df55a8c7e065011459e7c9ae811f44da) Importer(815301076,1909f56bfc062723c751e8b465ee728b)  -> (artifact id: 'b3d6e8ca671220d47dad3256107b7147') in 0.004061 seconds
  Import took 0.005938 seconds .

========================================================================
Received Prepare
Refreshing native plugins compatible for Editor in 2.98 ms, found 0 plugins.
Preloading 0 native plugins for Editor in 0.00 ms.
Unloading 9 Unused Serialized files (Serialized files now loaded: 0)
System memory in use before: 37.4 MB.
System memory in use after: 37.5 MB.

Unloading 9 unused Assets to reduce memory usage. Loaded Objects now: 1713.
Total: 1.737200 ms (FindLiveObjects: 0.266000 ms CreateObjectMapping: 0.056000 ms MarkObjects: 1.351000 ms  DeleteObjects: 0.062900 ms)

========================================================================
Received Prepare
Registering precompiled user dll's ...
Registered in 0.003005 seconds.
Begin MonoManager ReloadAssembly
Native extension for WindowsStandalone target not found
Refreshing native plugins compatible for Editor in 0.30 ms, found 0 plugins.
Preloading 0 native plugins for Editor in 0.00 ms.
Invoked RoslynAnalysisRunner static constructor.
RoslynAnalysisRunner will not be running.
RoslynAnalysisRunner has terminated.
Mono: successfully reloaded assembly
- Completed reload, in  0.897 seconds
Platform modules already initialized, skipping
Switching build target platform(5) subTarget(0) extendedPlatform(0) -> platform(13) subTarget(65536) extendedPlatform(0)
Refreshing native plugins compatible for Editor in 0.31 ms, found 0 plugins.
Preloading 0 native plugins for Editor in 0.00 ms.
Unloading 1209 Unused Serialized files (Serialized files now loaded: 0)
System memory in use before: 61.0 MB.
System memory in use after: 61.0 MB.

Unloading 12 unused Assets to reduce memory usage. Loaded Objects now: 1717.
Total: 2.712000 ms (FindLiveObjects: 0.320600 ms CreateObjectMapping: 0.079900 ms MarkObjects: 2.249800 ms  DeleteObjects: 0.059500 ms)

AssetImportParameters requested are different than current active one (requested -> active):
  custom:graphics/normal-map-encoding: 01000000000000000000000000000000 -> 02000000000000000000000000000000
========================================================================
Received Import Request.
  Time since last request: 126.486237 seconds.
  path: Assets/thing.cs
  artifactKey: Guid(df55a8c7e065011459e7c9ae811f44da) Importer(815301076,1909f56bfc062723c751e8b465ee728b)
Start importing Assets/thing.cs using Guid(df55a8c7e065011459e7c9ae811f44da) Importer(815301076,1909f56bfc062723c751e8b465ee728b)  -> (artifact id: '8fa9b3d97af6f8ad4e3745fb1b397f14') in 0.007747 seconds
  Import took 0.010063 seconds .

========================================================================
Received Prepare
Refreshing native plugins compatible for Editor in 1.80 ms, found 0 plugins.
Preloading 0 native plugins for Editor in 0.00 ms.
Unloading 9 Unused Serialized files (Serialized files now loaded: 0)
System memory in use before: 37.3 MB.
System memory in use after: 37.4 MB.

Unloading 9 unused Assets to reduce memory usage. Loaded Objects now: 1717.
Total: 2.068900 ms (FindLiveObjects: 0.407900 ms CreateObjectMapping: 0.053400 ms MarkObjects: 1.547700 ms  DeleteObjects: 0.058100 ms)

========================================================================
Received Import Request.
  Time since last request: 578.501835 seconds.
  path: Assets/thing.cs
  artifactKey: Guid(df55a8c7e065011459e7c9ae811f44da) Importer(815301076,1909f56bfc062723c751e8b465ee728b)
Start importing Assets/thing.cs using Guid(df55a8c7e065011459e7c9ae811f44da) Importer(815301076,1909f56bfc062723c751e8b465ee728b)  -> (artifact id: '60279b5c4921dd0206314f4d4c80cb1e') in 0.002061 seconds
  Import took 0.004994 seconds .

========================================================================
Received Prepare
Registering precompiled user dll's ...
Registered in 0.003295 seconds.
Begin MonoManager ReloadAssembly
Native extension for WindowsStandalone target not found
Refreshing native plugins compatible for Editor in 0.46 ms, found 0 plugins.
Preloading 0 native plugins for Editor in 0.00 ms.
Invoked RoslynAnalysisRunner static constructor.
RoslynAnalysisRunner will not be running.
RoslynAnalysisRunner has terminated.
Mono: successfully reloaded assembly
- Completed reload, in  0.965 seconds
Platform modules already initialized, skipping
Switching build target platform(5) subTarget(0) extendedPlatform(0) -> platform(13) subTarget(65536) extendedPlatform(0)
Refreshing native plugins compatible for Editor in 0.29 ms, found 0 plugins.
Preloading 0 native plugins for Editor in 0.00 ms.
Unloading 1209 Unused Serialized files (Serialized files now loaded: 0)
System memory in use before: 61.1 MB.
System memory in use after: 61.2 MB.

Unloading 12 unused Assets to reduce memory usage. Loaded Objects now: 1721.
Total: 2.381900 ms (FindLiveObjects: 0.444100 ms CreateObjectMapping: 0.066100 ms MarkObjects: 1.808100 ms  DeleteObjects: 0.060500 ms)

AssetImportParameters requested are different than current active one (requested -> active):
  custom:graphics/normal-map-encoding: 01000000000000000000000000000000 -> 02000000000000000000000000000000
========================================================================
Received Import Request.
  Time since last request: 134.501547 seconds.
  path: Assets/thing.cs
  artifactKey: Guid(df55a8c7e065011459e7c9ae811f44da) Importer(815301076,1909f56bfc062723c751e8b465ee728b)
Start importing Assets/thing.cs using Guid(df55a8c7e065011459e7c9ae811f44da) Importer(815301076,1909f56bfc062723c751e8b465ee728b)  -> (artifact id: '5b9cbad3fd95903f717ba97b034ba675') in 0.003807 seconds
  Import took 0.006263 seconds .

========================================================================
Received Prepare
Refreshing native plugins compatible for Editor in 2.16 ms, found 0 plugins.
Preloading 0 native plugins for Editor in 0.00 ms.
Unloading 9 Unused Serialized files (Serialized files now loaded: 0)
System memory in use before: 37.5 MB.
System memory in use after: 37.5 MB.

Unloading 9 unused Assets to reduce memory usage. Loaded Objects now: 1721.
Total: 2.293200 ms (FindLiveObjects: 0.226200 ms CreateObjectMapping: 0.037500 ms MarkObjects: 1.963900 ms  DeleteObjects: 0.064000 ms)

========================================================================
Received Prepare
Registering precompiled user dll's ...
Registered in 0.002838 seconds.
Begin MonoManager ReloadAssembly
Native extension for WindowsStandalone target not found
Refreshing native plugins compatible for Editor in 0.50 ms, found 0 plugins.
Preloading 0 native plugins for Editor in 0.00 ms.
Invoked RoslynAnalysisRunner static constructor.
RoslynAnalysisRunner will not be running.
RoslynAnalysisRunner has terminated.
Mono: successfully reloaded assembly
- Completed reload, in  1.104 seconds
Platform modules already initialized, skipping
Switching build target platform(5) subTarget(0) extendedPlatform(0) -> platform(13) subTarget(65536) extendedPlatform(0)
Refreshing native plugins compatible for Editor in 0.29 ms, found 0 plugins.
Preloading 0 native plugins for Editor in 0.00 ms.
Unloading 1209 Unused Serialized files (Serialized files now loaded: 0)
System memory in use before: 61.0 MB.
System memory in use after: 61.0 MB.

Unloading 12 unused Assets to reduce memory usage. Loaded Objects now: 1725.
Total: 2.626800 ms (FindLiveObjects: 0.265600 ms CreateObjectMapping: 0.052200 ms MarkObjects: 2.245200 ms  DeleteObjects: 0.062200 ms)

AssetImportParameters requested are different than current active one (requested -> active):
  custom:graphics/normal-map-encoding: 01000000000000000000000000000000 -> 02000000000000000000000000000000
========================================================================
Received Import Request.
  Time since last request: 309.416419 seconds.
  path: Assets/thing.cs
  artifactKey: Guid(df55a8c7e065011459e7c9ae811f44da) Importer(815301076,1909f56bfc062723c751e8b465ee728b)
Start importing Assets/thing.cs using Guid(df55a8c7e065011459e7c9ae811f44da) Importer(815301076,1909f56bfc062723c751e8b465ee728b)  -> (artifact id: '18cd5d60637893a4b72399c7395620be') in 0.004234 seconds
  Import took 0.006075 seconds .

========================================================================
Received Prepare
Refreshing native plugins compatible for Editor in 2.86 ms, found 0 plugins.
Preloading 0 native plugins for Editor in 0.00 ms.
Unloading 9 Unused Serialized files (Serialized files now loaded: 0)
System memory in use before: 37.3 MB.
System memory in use after: 37.4 MB.

Unloading 9 unused Assets to reduce memory usage. Loaded Objects now: 1725.
Total: 2.136000 ms (FindLiveObjects: 0.159000 ms CreateObjectMapping: 0.027500 ms MarkObjects: 1.888800 ms  DeleteObjects: 0.059800 ms)

========================================================================
Received Prepare
Registering precompiled user dll's ...
Registered in 0.002381 seconds.
Begin MonoManager ReloadAssembly
Native extension for WindowsStandalone target not found
Refreshing native plugins compatible for Editor in 0.43 ms, found 0 plugins.
Preloading 0 native plugins for Editor in 0.00 ms.
Invoked RoslynAnalysisRunner static constructor.
RoslynAnalysisRunner will not be running.
RoslynAnalysisRunner has terminated.
Mono: successfully reloaded assembly
- Completed reload, in  1.020 seconds
Platform modules already initialized, skipping
Switching build target platform(5) subTarget(0) extendedPlatform(0) -> platform(13) subTarget(65536) extendedPlatform(0)
Refreshing native plugins compatible for Editor in 0.31 ms, found 0 plugins.
Preloading 0 native plugins for Editor in 0.00 ms.
Unloading 1256 Unused Serialized files (Serialized files now loaded: 0)
System memory in use before: 63.8 MB.
System memory in use after: 63.3 MB.

Unloading 25 unused Assets to reduce memory usage. Loaded Objects now: 1763.
Total: 3.281800 ms (FindLiveObjects: 0.353900 ms CreateObjectMapping: 0.061500 ms MarkObjects: 2.584400 ms  DeleteObjects: 0.279700 ms)

AssetImportParameters requested are different than current active one (requested -> active):
  custom:graphics/normal-map-encoding: 01000000000000000000000000000000 -> 02000000000000000000000000000000
========================================================================
Received Import Request.
  Time since last request: 436.224746 seconds.
  path: Assets/TextMesh Pro/Resources/Fonts & Materials/LiberationSans SDF - Drop Shadow.mat
  artifactKey: Guid(e73a58f6e2794ae7b1b7e50b7fb811b0) Importer(815301076,1909f56bfc062723c751e8b465ee728b)
Start importing Assets/TextMesh Pro/Resources/Fonts & Materials/LiberationSans SDF - Drop Shadow.mat using Guid(e73a58f6e2794ae7b1b7e50b7fb811b0) Importer(815301076,1909f56bfc062723c751e8b465ee728b)  -> (artifact id: 'c194066b5ddf713208b3818b9611a53a') in 0.162798 seconds
  Import took 0.165246 seconds .

========================================================================
Received Import Request.
  Time since last request: 0.000203 seconds.
  path: Assets/TextMesh Pro/Resources/Fonts & Materials/LiberationSans SDF - Outline.mat
  artifactKey: Guid(79459efec17a4d00a321bdcc27bbc385) Importer(815301076,1909f56bfc062723c751e8b465ee728b)
Start importing Assets/TextMesh Pro/Resources/Fonts & Materials/LiberationSans SDF - Outline.mat using Guid(79459efec17a4d00a321bdcc27bbc385) Importer(815301076,1909f56bfc062723c751e8b465ee728b)  -> (artifact id: 'a9effe56a08cd2156f7af31e426d9ac1') in 0.063372 seconds
  Import took 0.065352 seconds .

========================================================================
Received Import Request.
  Time since last request: 0.000268 seconds.
  path: Assets/TextMesh Pro/Resources/Fonts & Materials/LiberationSans SDF - Fallback.asset
  artifactKey: Guid(2e498d1c8094910479dc3e1b768306a4) Importer(815301076,1909f56bfc062723c751e8b465ee728b)
Start importing Assets/TextMesh Pro/Resources/Fonts & Materials/LiberationSans SDF - Fallback.asset using Guid(2e498d1c8094910479dc3e1b768306a4) Importer(815301076,1909f56bfc062723c751e8b465ee728b)  -> (artifact id: 'ce7b026d7eb27ba79ec0f96f4fe45e1f') in 0.086152 seconds
  Import took 0.088198 seconds .

========================================================================
Received Import Request.
  Time since last request: 0.000381 seconds.
  path: Assets/TextMesh Pro/Resources/Fonts & Materials/LiberationSans SDF - Drop Shadow.mat
  artifactKey: Guid(e73a58f6e2794ae7b1b7e50b7fb811b0) Importer(815301076,1909f56bfc062723c751e8b465ee728b)
Start importing Assets/TextMesh Pro/Resources/Fonts & Materials/LiberationSans SDF - Drop Shadow.mat using Guid(e73a58f6e2794ae7b1b7e50b7fb811b0) Importer(815301076,1909f56bfc062723c751e8b465ee728b)  -> (artifact id: 'c194066b5ddf713208b3818b9611a53a') in 0.025526 seconds
  Import took 0.027521 seconds .

========================================================================
Received Import Request.
  Time since last request: 0.000216 seconds.
  path: Assets/TextMesh Pro/Resources/Fonts & Materials/LiberationSans SDF - Fallback.asset
  artifactKey: Guid(2e498d1c8094910479dc3e1b768306a4) Importer(815301076,1909f56bfc062723c751e8b465ee728b)
Start importing Assets/TextMesh Pro/Resources/Fonts & Materials/LiberationSans SDF - Fallback.asset using Guid(2e498d1c8094910479dc3e1b768306a4) Importer(815301076,1909f56bfc062723c751e8b465ee728b)  -> (artifact id: 'ce7b026d7eb27ba79ec0f96f4fe45e1f') in 0.018617 seconds
  Import took 0.020740 seconds .

========================================================================
Received Import Request.
  Time since last request: 0.000204 seconds.
  path: Assets/TextMesh Pro/Resources/Fonts & Materials/LiberationSans SDF.asset
  artifactKey: Guid(8f586378b4e144a9851e7b34d9b748ee) Importer(815301076,1909f56bfc062723c751e8b465ee728b)
Start importing Assets/TextMesh Pro/Resources/Fonts & Materials/LiberationSans SDF.asset using Guid(8f586378b4e144a9851e7b34d9b748ee) Importer(815301076,1909f56bfc062723c751e8b465ee728b)  -> (artifact id: '012442951c2af51cf6d0c4f6d14be546') in 0.035675 seconds
  Import took 0.037738 seconds .

========================================================================
Received Import Request.
  Time since last request: 236.921133 seconds.
  path: Assets/PlantsPackage
  artifactKey: Guid(98ed5b93e537c5d469b5bd8ec56ad4e7) Importer(815301076,1909f56bfc062723c751e8b465ee728b)
Start importing Assets/PlantsPackage using Guid(98ed5b93e537c5d469b5bd8ec56ad4e7) Importer(815301076,1909f56bfc062723c751e8b465ee728b)  -> (artifact id: '88d3a82d879c3971b113f187c4dc2a64') in 0.006755 seconds
  Import took 0.009127 seconds .

========================================================================
Received Import Request.
  Time since last request: 3.514141 seconds.
  path: Assets/PlantsPackage/FBX
  artifactKey: Guid(7c6b1e17f0484f84cb4db68a06afe81c) Importer(815301076,1909f56bfc062723c751e8b465ee728b)
Start importing Assets/PlantsPackage/FBX using Guid(7c6b1e17f0484f84cb4db68a06afe81c) Importer(815301076,1909f56bfc062723c751e8b465ee728b)  -> (artifact id: '57e92e0d51537df47f9f5c43af9f8f44') in 0.007860 seconds
  Import took 0.010699 seconds .

========================================================================
Received Import Request.
  Time since last request: 0.000852 seconds.
  path: Assets/PlantsPackage/FBX
  artifactKey: Guid(7c6b1e17f0484f84cb4db68a06afe81c) Importer(815301076,1909f56bfc062723c751e8b465ee728b)
Start importing Assets/PlantsPackage/FBX using Guid(7c6b1e17f0484f84cb4db68a06afe81c) Importer(815301076,1909f56bfc062723c751e8b465ee728b)  -> (artifact id: '57e92e0d51537df47f9f5c43af9f8f44') in 0.002223 seconds
  Import took 0.004066 seconds .

========================================================================
Received Import Request.
  Time since last request: 1.886269 seconds.
  path: Assets/PlantsPackage/demoScene
  artifactKey: Guid(ed817a05b0e8ed745b3340ebc7d3b188) Importer(815301076,1909f56bfc062723c751e8b465ee728b)
Start importing Assets/PlantsPackage/demoScene using Guid(ed817a05b0e8ed745b3340ebc7d3b188) Importer(815301076,1909f56bfc062723c751e8b465ee728b)  -> (artifact id: 'e5002d108a6728fb3af8286af7ae9d32') in 0.007848 seconds
  Import took 0.010008 seconds .

========================================================================
Received Import Request.
  Time since last request: 0.571516 seconds.
  path: Assets/PlantsPackage/Materials
  artifactKey: Guid(02f618971dbe1b14e96e823ceeb8dc78) Importer(815301076,1909f56bfc062723c751e8b465ee728b)
Start importing Assets/PlantsPackage/Materials using Guid(02f618971dbe1b14e96e823ceeb8dc78) Importer(815301076,1909f56bfc062723c751e8b465ee728b)  -> (artifact id: '882a881616b3385f08578f43489f9aba') in 0.006352 seconds
  Import took 0.008555 seconds .

========================================================================
Received Import Request.
  Time since last request: 0.099024 seconds.
  path: Assets/PlantsPackage/Materials/BlackMat.mat
  artifactKey: Guid(2a8e727a31855054aab9fe749c18d7ed) Importer(815301076,1909f56bfc062723c751e8b465ee728b)
Start importing Assets/PlantsPackage/Materials/BlackMat.mat using Guid(2a8e727a31855054aab9fe749c18d7ed) Importer(815301076,1909f56bfc062723c751e8b465ee728b)  -> (artifact id: 'dd1975a108f2e971a6a218f6e9104522') in 0.012783 seconds
  Import took 0.014903 seconds .

========================================================================
Received Import Request.
  Time since last request: 0.000218 seconds.
  path: Assets/PlantsPackage/Materials/pot.mat
  artifactKey: Guid(141e35f207227754d8de046ff33651b9) Importer(815301076,1909f56bfc062723c751e8b465ee728b)
Start importing Assets/PlantsPackage/Materials/pot.mat using Guid(141e35f207227754d8de046ff33651b9) Importer(815301076,1909f56bfc062723c751e8b465ee728b)  -> (artifact id: 'f70a31798565c8ebbc223266a5f6ab89') in 0.154633 seconds
  Import took 0.156547 seconds .

========================================================================
Received Import Request.
  Time since last request: 0.000200 seconds.
  path: Assets/PlantsPackage/Materials/plants2.mat
  artifactKey: Guid(d8fb842f2b7f8214596d80d9517550b9) Importer(815301076,1909f56bfc062723c751e8b465ee728b)
Start importing Assets/PlantsPackage/Materials/plants2.mat using Guid(d8fb842f2b7f8214596d80d9517550b9) Importer(815301076,1909f56bfc062723c751e8b465ee728b)  -> (artifact id: 'c14445a75b11ad13acbc0172840e1938') in 0.151070 seconds
  Import took 0.152982 seconds .

========================================================================
Received Import Request.
  Time since last request: 0.000234 seconds.
  path: Assets/PlantsPackage/Materials/FloorMat.mat
  artifactKey: Guid(26defe990c35d7842af65bee3f4e8638) Importer(815301076,1909f56bfc062723c751e8b465ee728b)
Start importing Assets/PlantsPackage/Materials/FloorMat.mat using Guid(26defe990c35d7842af65bee3f4e8638) Importer(815301076,1909f56bfc062723c751e8b465ee728b)  -> (artifact id: '3d4bf4f2ca20b5c0bf0e67c8ae35dd98') in 0.016449 seconds
  Import took 0.018253 seconds .

========================================================================
Received Import Request.
  Time since last request: 0.000330 seconds.
  path: Assets/PlantsPackage/Materials/MySkybox.mat
  artifactKey: Guid(b1c6b91bcbd3f964eabad6484bf0046c) Importer(815301076,1909f56bfc062723c751e8b465ee728b)
Start importing Assets/PlantsPackage/Materials/MySkybox.mat using Guid(b1c6b91bcbd3f964eabad6484bf0046c) Importer(815301076,1909f56bfc062723c751e8b465ee728b)  -> (artifact id: '8017b8eb415b356772d39709ec22318b') in 0.052438 seconds
  Import took 0.054485 seconds .

========================================================================
Received Import Request.
  Time since last request: 0.000187 seconds.
  path: Assets/PlantsPackage/Materials/wall.mat
  artifactKey: Guid(24c1bc4024502b34898dae35dac358eb) Importer(815301076,1909f56bfc062723c751e8b465ee728b)
Start importing Assets/PlantsPackage/Materials/wall.mat using Guid(24c1bc4024502b34898dae35dac358eb) Importer(815301076,1909f56bfc062723c751e8b465ee728b)  -> (artifact id: 'df6d5911fec2db8764372548f51523cd') in 0.013158 seconds
  Import took 0.015071 seconds .

========================================================================
Received Import Request.
  Time since last request: 0.000268 seconds.
  path: Assets/PlantsPackage/Materials/plants1.mat
  artifactKey: Guid(658092bbc856aa744823426eed58aaa9) Importer(815301076,1909f56bfc062723c751e8b465ee728b)
Start importing Assets/PlantsPackage/Materials/plants1.mat using Guid(658092bbc856aa744823426eed58aaa9) Importer(815301076,1909f56bfc062723c751e8b465ee728b)  -> (artifact id: '5b55f8bd6c14e7207051597c30f6c6da') in 0.014283 seconds
  Import took 0.016805 seconds .

========================================================================
Received Import Request.
  Time since last request: 0.000415 seconds.
  path: Assets/PlantsPackage/Materials/plants5.mat
  artifactKey: Guid(a00f523f7e7d52741a71d3d2e78aad76) Importer(815301076,1909f56bfc062723c751e8b465ee728b)
Start importing Assets/PlantsPackage/Materials/plants5.mat using Guid(a00f523f7e7d52741a71d3d2e78aad76) Importer(815301076,1909f56bfc062723c751e8b465ee728b)  -> (artifact id: 'd058f79bae3dc064449e0bf547f74ee3') in 0.056681 seconds
  Import took 0.058764 seconds .

========================================================================
Received Import Request.
  Time since last request: 0.000180 seconds.
  path: Assets/PlantsPackage/Materials/plants3.mat
  artifactKey: Guid(c45628e9a660ebe4d87bf9035782e68a) Importer(815301076,1909f56bfc062723c751e8b465ee728b)
Start importing Assets/PlantsPackage/Materials/plants3.mat using Guid(c45628e9a660ebe4d87bf9035782e68a) Importer(815301076,1909f56bfc062723c751e8b465ee728b)  -> (artifact id: 'aadb385c4e1c4a30e8ae56d385d6e7c7') in 0.027998 seconds
  Import took 0.029918 seconds .

========================================================================
Received Import Request.
  Time since last request: 0.000203 seconds.
  path: Assets/PlantsPackage/Materials/plants6.mat
  artifactKey: Guid(629d76a870d66a74baa81cbf050fd539) Importer(815301076,1909f56bfc062723c751e8b465ee728b)
Start importing Assets/PlantsPackage/Materials/plants6.mat using Guid(629d76a870d66a74baa81cbf050fd539) Importer(815301076,1909f56bfc062723c751e8b465ee728b)  -> (artifact id: '51acacde3e3db93d9752bc7bd12c820f') in 0.025939 seconds
  Import took 0.028026 seconds .

========================================================================
Received Import Request.
  Time since last request: 2.251955 seconds.
  path: Assets/PlantsPackage/Prefabs
  artifactKey: Guid(579037f6c45713747bdcbd3d85684634) Importer(815301076,1909f56bfc062723c751e8b465ee728b)
Start importing Assets/PlantsPackage/Prefabs using Guid(579037f6c45713747bdcbd3d85684634) Importer(815301076,1909f56bfc062723c751e8b465ee728b)  -> (artifact id: 'ba06a02c0590935f038bd90e17aabc43') in 0.007722 seconds
  Import took 0.010411 seconds .

========================================================================
Received Import Request.
  Time since last request: 0.000250 seconds.
  path: Assets/PlantsPackage/Prefabs
  artifactKey: Guid(579037f6c45713747bdcbd3d85684634) Importer(815301076,1909f56bfc062723c751e8b465ee728b)
Start importing Assets/PlantsPackage/Prefabs using Guid(579037f6c45713747bdcbd3d85684634) Importer(815301076,1909f56bfc062723c751e8b465ee728b)  -> (artifact id: 'ba06a02c0590935f038bd90e17aabc43') in 0.002937 seconds
  Import took 0.005139 seconds .

========================================================================
Received Import Request.
  Time since last request: 0.201688 seconds.
  path: Assets/PlantsPackage/Prefabs/plant1 Variant.prefab
  artifactKey: Guid(5efbdff695d22544890988ce1a13dd25) Importer(815301076,1909f56bfc062723c751e8b465ee728b)
Start importing Assets/PlantsPackage/Prefabs/plant1 Variant.prefab using Guid(5efbdff695d22544890988ce1a13dd25) Importer(815301076,1909f56bfc062723c751e8b465ee728b)  -> (artifact id: 'fdb0f2a74bd77047bdc1b81b7784b632') in 0.038840 seconds
  Import took 0.040913 seconds .

========================================================================
Received Import Request.
  Time since last request: 0.000308 seconds.
  path: Assets/PlantsPackage/Prefabs/plant5 Variant.prefab
  artifactKey: Guid(aaea4f4bdb1fcce478ff2a13af904c2b) Importer(815301076,1909f56bfc062723c751e8b465ee728b)
Start importing Assets/PlantsPackage/Prefabs/plant5 Variant.prefab using Guid(aaea4f4bdb1fcce478ff2a13af904c2b) Importer(815301076,1909f56bfc062723c751e8b465ee728b)  -> (artifact id: '9affa26e7a1c592610b891bb6bd4e9b5') in 0.023578 seconds
  Import took 0.025785 seconds .

========================================================================
Received Import Request.
  Time since last request: 0.000212 seconds.
  path: Assets/PlantsPackage/Prefabs/plant3 Variant.prefab
  artifactKey: Guid(0cd6613eb8793674aa4e0ce35ad5c6e7) Importer(815301076,1909f56bfc062723c751e8b465ee728b)
Start importing Assets/PlantsPackage/Prefabs/plant3 Variant.prefab using Guid(0cd6613eb8793674aa4e0ce35ad5c6e7) Importer(815301076,1909f56bfc062723c751e8b465ee728b)  -> (artifact id: '60bf5909844cb1591b5727f111894bcc') in 0.017815 seconds
  Import took 0.019751 seconds .

========================================================================
Received Import Request.
  Time since last request: 0.000304 seconds.
  path: Assets/PlantsPackage/Prefabs/plant4 Variant.prefab
  artifactKey: Guid(83159a856da2fe641bdbe4edf84b1761) Importer(815301076,1909f56bfc062723c751e8b465ee728b)
Start importing Assets/PlantsPackage/Prefabs/plant4 Variant.prefab using Guid(83159a856da2fe641bdbe4edf84b1761) Importer(815301076,1909f56bfc062723c751e8b465ee728b)  -> (artifact id: '5cbcf809e4708db419c04444104ad94f') in 0.023690 seconds
  Import took 0.026291 seconds .

========================================================================
Received Import Request.
  Time since last request: 0.000233 seconds.
  path: Assets/PlantsPackage/Prefabs/plant2 Variant.prefab
  artifactKey: Guid(249cf98a34b9eed48b98adc07185d9cd) Importer(815301076,1909f56bfc062723c751e8b465ee728b)
Start importing Assets/PlantsPackage/Prefabs/plant2 Variant.prefab using Guid(249cf98a34b9eed48b98adc07185d9cd) Importer(815301076,1909f56bfc062723c751e8b465ee728b)  -> (artifact id: '81f7c8ed92ece043cd5c3e762142cae5') in 0.065722 seconds
  Import took 0.068166 seconds .

========================================================================
Received Prepare
Refreshing native plugins compatible for Editor in 1.93 ms, found 0 plugins.
Preloading 0 native plugins for Editor in 0.00 ms.
Unloading 22 Unused Serialized files (Serialized files now loaded: 0)
System memory in use before: 43.8 MB.
System memory in use after: 43.3 MB.

Unloading 21 unused Assets to reduce memory usage. Loaded Objects now: 1808.
Total: 3.120200 ms (FindLiveObjects: 0.278600 ms CreateObjectMapping: 0.054100 ms MarkObjects: 2.507600 ms  DeleteObjects: 0.277500 ms)

========================================================================
Received Prepare
Refreshing native plugins compatible for Editor in 1.74 ms, found 0 plugins.
Preloading 0 native plugins for Editor in 0.00 ms.
Unloading 21 Unused Serialized files (Serialized files now loaded: 0)
System memory in use before: 43.7 MB.
System memory in use after: 43.2 MB.

Unloading 21 unused Assets to reduce memory usage. Loaded Objects now: 1808.
Total: 2.878500 ms (FindLiveObjects: 0.185300 ms CreateObjectMapping: 0.035700 ms MarkObjects: 2.384000 ms  DeleteObjects: 0.271900 ms)

========================================================================
Received Prepare
Refreshing native plugins compatible for Editor in 2.24 ms, found 0 plugins.
Preloading 0 native plugins for Editor in 0.00 ms.
Unloading 21 Unused Serialized files (Serialized files now loaded: 0)
System memory in use before: 43.7 MB.
System memory in use after: 43.2 MB.

Unloading 21 unused Assets to reduce memory usage. Loaded Objects now: 1808.
Total: 2.578500 ms (FindLiveObjects: 0.221900 ms CreateObjectMapping: 0.054000 ms MarkObjects: 2.015200 ms  DeleteObjects: 0.285600 ms)

AssetImportWorkerClient::OnTransportError - code=2 error=End of file
